{"/Users/learnacademy/Desktop/gourmandize/app/javascript/components/components/Footer.js": {"path":"/Users/learnacademy/Desktop/gourmandize/app/javascript/components/components/Footer.js","statementMap":{"0":{"start":{"line":3,"column":15},"end":{"line":11,"column":3}},"1":{"start":{"line":4,"column":4},"end":{"line":10,"column":5}}},"fnMap":{"0":{"name":"(anonymous_0)","decl":{"start":{"line":3,"column":15},"end":{"line":3,"column":16}},"loc":{"start":{"line":3,"column":21},"end":{"line":11,"column":3}},"line":3}},"branchMap":{},"s":{"0":1,"1":1},"f":{"0":1},"b":{},"_coverageSchema":"1a1c01bbd47fc00a2c39e90264f33305004495a9","hash":"8372980455be96e6fc391c99e93218a6d06634b4"}
,"/Users/learnacademy/Desktop/gourmandize/app/javascript/components/components/Header.js": {"path":"/Users/learnacademy/Desktop/gourmandize/app/javascript/components/components/Header.js","statementMap":{"0":{"start":{"line":4,"column":15},"end":{"line":12,"column":3}},"1":{"start":{"line":5,"column":4},"end":{"line":11,"column":5}}},"fnMap":{"0":{"name":"(anonymous_0)","decl":{"start":{"line":4,"column":15},"end":{"line":4,"column":16}},"loc":{"start":{"line":4,"column":26},"end":{"line":12,"column":3}},"line":4}},"branchMap":{},"s":{"0":1,"1":1},"f":{"0":1},"b":{},"_coverageSchema":"1a1c01bbd47fc00a2c39e90264f33305004495a9","hash":"9fbd824f43eaeb3b613248e2404faaceb6002fbf"}
,"/Users/learnacademy/Desktop/gourmandize/app/javascript/components/components/Navigation.js": {"path":"/Users/learnacademy/Desktop/gourmandize/app/javascript/components/components/Navigation.js","statementMap":{"0":{"start":{"line":5,"column":19},"end":{"line":72,"column":1}},"1":{"start":{"line":12,"column":2},"end":{"line":71,"column":3}}},"fnMap":{"0":{"name":"(anonymous_0)","decl":{"start":{"line":5,"column":19},"end":{"line":5,"column":20}},"loc":{"start":{"line":11,"column":6},"end":{"line":72,"column":1}},"line":11}},"branchMap":{"0":{"loc":{"start":{"line":20,"column":9},"end":{"line":26,"column":9}},"type":"binary-expr","locations":[{"start":{"line":20,"column":9},"end":{"line":20,"column":18}},{"start":{"line":21,"column":10},"end":{"line":25,"column":20}}],"line":20},"1":{"loc":{"start":{"line":27,"column":9},"end":{"line":33,"column":9}},"type":"binary-expr","locations":[{"start":{"line":27,"column":9},"end":{"line":27,"column":18}},{"start":{"line":28,"column":10},"end":{"line":32,"column":20}}],"line":27},"2":{"loc":{"start":{"line":34,"column":9},"end":{"line":40,"column":9}},"type":"binary-expr","locations":[{"start":{"line":34,"column":9},"end":{"line":34,"column":18}},{"start":{"line":35,"column":10},"end":{"line":39,"column":20}}],"line":34},"3":{"loc":{"start":{"line":41,"column":9},"end":{"line":47,"column":9}},"type":"binary-expr","locations":[{"start":{"line":41,"column":9},"end":{"line":41,"column":19}},{"start":{"line":42,"column":10},"end":{"line":46,"column":20}}],"line":41},"4":{"loc":{"start":{"line":48,"column":9},"end":{"line":54,"column":9}},"type":"binary-expr","locations":[{"start":{"line":48,"column":9},"end":{"line":48,"column":19}},{"start":{"line":49,"column":10},"end":{"line":53,"column":20}}],"line":48},"5":{"loc":{"start":{"line":55,"column":9},"end":{"line":61,"column":9}},"type":"binary-expr","locations":[{"start":{"line":55,"column":9},"end":{"line":55,"column":19}},{"start":{"line":56,"column":10},"end":{"line":60,"column":20}}],"line":55},"6":{"loc":{"start":{"line":62,"column":9},"end":{"line":68,"column":9}},"type":"binary-expr","locations":[{"start":{"line":62,"column":9},"end":{"line":62,"column":18}},{"start":{"line":63,"column":10},"end":{"line":67,"column":20}}],"line":62}},"s":{"0":2,"1":6},"f":{"0":6},"b":{"0":[6,0],"1":[6,0],"2":[6,0],"3":[6,6],"4":[6,6],"5":[6,6],"6":[6,0]},"_coverageSchema":"1a1c01bbd47fc00a2c39e90264f33305004495a9","hash":"e508c302ef2a887f8d52b36d2c6234227393324b"}
,"/Users/learnacademy/Desktop/gourmandize/app/javascript/components/pages/Home.js": {"path":"/Users/learnacademy/Desktop/gourmandize/app/javascript/components/pages/Home.js","statementMap":{"0":{"start":{"line":3,"column":13},"end":{"line":34,"column":3}},"1":{"start":{"line":4,"column":4},"end":{"line":33,"column":5}}},"fnMap":{"0":{"name":"(anonymous_0)","decl":{"start":{"line":3,"column":13},"end":{"line":3,"column":14}},"loc":{"start":{"line":3,"column":44},"end":{"line":34,"column":3}},"line":3}},"branchMap":{"0":{"loc":{"start":{"line":7,"column":11},"end":{"line":7,"column":55}},"type":"binary-expr","locations":[{"start":{"line":7,"column":11},"end":{"line":7,"column":20}},{"start":{"line":7,"column":24},"end":{"line":7,"column":55}}],"line":7},"1":{"loc":{"start":{"line":8,"column":11},"end":{"line":8,"column":56}},"type":"binary-expr","locations":[{"start":{"line":8,"column":11},"end":{"line":8,"column":20}},{"start":{"line":8,"column":24},"end":{"line":8,"column":56}}],"line":8},"2":{"loc":{"start":{"line":9,"column":11},"end":{"line":9,"column":68}},"type":"binary-expr","locations":[{"start":{"line":9,"column":11},"end":{"line":9,"column":19}},{"start":{"line":9,"column":23},"end":{"line":9,"column":68}}],"line":9},"3":{"loc":{"start":{"line":10,"column":11},"end":{"line":10,"column":57}},"type":"binary-expr","locations":[{"start":{"line":10,"column":11},"end":{"line":10,"column":19}},{"start":{"line":10,"column":23},"end":{"line":10,"column":57}}],"line":10}},"s":{"0":1,"1":5},"f":{"0":5},"b":{"0":[5,5],"1":[5,5],"2":[5,0],"3":[5,0]},"_coverageSchema":"1a1c01bbd47fc00a2c39e90264f33305004495a9","hash":"1d0c82fca8ff199c80880a4e9769162fdbebacdf"}
,"/Users/learnacademy/Desktop/gourmandize/app/javascript/components/pages/NotFound.js": {"path":"/Users/learnacademy/Desktop/gourmandize/app/javascript/components/pages/NotFound.js","statementMap":{"0":{"start":{"line":3,"column":17},"end":{"line":9,"column":3}},"1":{"start":{"line":4,"column":4},"end":{"line":8,"column":5}}},"fnMap":{"0":{"name":"(anonymous_0)","decl":{"start":{"line":3,"column":17},"end":{"line":3,"column":18}},"loc":{"start":{"line":3,"column":23},"end":{"line":9,"column":3}},"line":3}},"branchMap":{},"s":{"0":1,"1":1},"f":{"0":1},"b":{},"_coverageSchema":"1a1c01bbd47fc00a2c39e90264f33305004495a9","hash":"5a22bffa39d7b1b3e618c09bf39ce0f017fbad5c"}
,"/Users/learnacademy/Desktop/gourmandize/app/javascript/components/pages/RestaurantEdit.js": {"path":"/Users/learnacademy/Desktop/gourmandize/app/javascript/components/pages/RestaurantEdit.js","statementMap":{"0":{"start":{"line":3,"column":23},"end":{"line":9,"column":3}},"1":{"start":{"line":4,"column":4},"end":{"line":8,"column":5}}},"fnMap":{"0":{"name":"(anonymous_0)","decl":{"start":{"line":3,"column":23},"end":{"line":3,"column":24}},"loc":{"start":{"line":3,"column":29},"end":{"line":9,"column":3}},"line":3}},"branchMap":{},"s":{"0":1,"1":1},"f":{"0":1},"b":{},"_coverageSchema":"1a1c01bbd47fc00a2c39e90264f33305004495a9","hash":"2df51f18665419e1931ee1fd075117e6c37a72f7"}
,"/Users/learnacademy/Desktop/gourmandize/app/javascript/components/pages/RestaurantIndex.js": {"path":"/Users/learnacademy/Desktop/gourmandize/app/javascript/components/pages/RestaurantIndex.js","statementMap":{"0":{"start":{"line":3,"column":24},"end":{"line":9,"column":3}},"1":{"start":{"line":4,"column":4},"end":{"line":8,"column":5}}},"fnMap":{"0":{"name":"(anonymous_0)","decl":{"start":{"line":3,"column":24},"end":{"line":3,"column":25}},"loc":{"start":{"line":3,"column":30},"end":{"line":9,"column":3}},"line":3}},"branchMap":{},"s":{"0":1,"1":1},"f":{"0":1},"b":{},"_coverageSchema":"1a1c01bbd47fc00a2c39e90264f33305004495a9","hash":"1f6506c7d186edf40b13fdc11897a4296bcb4ddb"}
,"/Users/learnacademy/Desktop/gourmandize/app/javascript/components/pages/RestaurantNew.js": {"path":"/Users/learnacademy/Desktop/gourmandize/app/javascript/components/pages/RestaurantNew.js","statementMap":{"0":{"start":{"line":3,"column":22},"end":{"line":9,"column":3}},"1":{"start":{"line":4,"column":4},"end":{"line":8,"column":5}}},"fnMap":{"0":{"name":"(anonymous_0)","decl":{"start":{"line":3,"column":22},"end":{"line":3,"column":23}},"loc":{"start":{"line":3,"column":28},"end":{"line":9,"column":3}},"line":3}},"branchMap":{},"s":{"0":1,"1":1},"f":{"0":1},"b":{},"_coverageSchema":"1a1c01bbd47fc00a2c39e90264f33305004495a9","hash":"65a3292a6035869d882034f06b0634de065cf44b"}
,"/Users/learnacademy/Desktop/gourmandize/app/javascript/components/pages/RestaurantShow.js": {"path":"/Users/learnacademy/Desktop/gourmandize/app/javascript/components/pages/RestaurantShow.js","statementMap":{"0":{"start":{"line":3,"column":23},"end":{"line":9,"column":3}},"1":{"start":{"line":4,"column":4},"end":{"line":8,"column":5}}},"fnMap":{"0":{"name":"(anonymous_0)","decl":{"start":{"line":3,"column":23},"end":{"line":3,"column":24}},"loc":{"start":{"line":3,"column":29},"end":{"line":9,"column":3}},"line":3}},"branchMap":{},"s":{"0":1,"1":1},"f":{"0":1},"b":{},"_coverageSchema":"1a1c01bbd47fc00a2c39e90264f33305004495a9","hash":"7265249448a278a42e6152b4b46c70bda1d05f85"}
,"/Users/learnacademy/Desktop/gourmandize/app/javascript/components/pages/ReviewEdit.js": {"path":"/Users/learnacademy/Desktop/gourmandize/app/javascript/components/pages/ReviewEdit.js","statementMap":{"0":{"start":{"line":3,"column":19},"end":{"line":9,"column":3}},"1":{"start":{"line":4,"column":4},"end":{"line":8,"column":5}}},"fnMap":{"0":{"name":"(anonymous_0)","decl":{"start":{"line":3,"column":19},"end":{"line":3,"column":20}},"loc":{"start":{"line":3,"column":25},"end":{"line":9,"column":3}},"line":3}},"branchMap":{},"s":{"0":1,"1":1},"f":{"0":1},"b":{},"_coverageSchema":"1a1c01bbd47fc00a2c39e90264f33305004495a9","hash":"47d6f740452592a790838eb153883b1a177c21d5"}
,"/Users/learnacademy/Desktop/gourmandize/app/javascript/components/pages/ReviewIndex.js": {"path":"/Users/learnacademy/Desktop/gourmandize/app/javascript/components/pages/ReviewIndex.js","statementMap":{"0":{"start":{"line":3,"column":20},"end":{"line":9,"column":3}},"1":{"start":{"line":4,"column":4},"end":{"line":8,"column":5}}},"fnMap":{"0":{"name":"(anonymous_0)","decl":{"start":{"line":3,"column":20},"end":{"line":3,"column":21}},"loc":{"start":{"line":3,"column":26},"end":{"line":9,"column":3}},"line":3}},"branchMap":{},"s":{"0":1,"1":1},"f":{"0":1},"b":{},"_coverageSchema":"1a1c01bbd47fc00a2c39e90264f33305004495a9","hash":"7ec6566f6c221cf239ba1d6bd1cf6093571bbda9"}
,"/Users/learnacademy/Desktop/gourmandize/app/javascript/components/pages/ReviewNew.js": {"path":"/Users/learnacademy/Desktop/gourmandize/app/javascript/components/pages/ReviewNew.js","statementMap":{"0":{"start":{"line":3,"column":18},"end":{"line":9,"column":3}},"1":{"start":{"line":4,"column":4},"end":{"line":8,"column":5}}},"fnMap":{"0":{"name":"(anonymous_0)","decl":{"start":{"line":3,"column":18},"end":{"line":3,"column":19}},"loc":{"start":{"line":3,"column":24},"end":{"line":9,"column":3}},"line":3}},"branchMap":{},"s":{"0":1,"1":1},"f":{"0":1},"b":{},"_coverageSchema":"1a1c01bbd47fc00a2c39e90264f33305004495a9","hash":"157c4e5e8143847a78204a51c9e3bb120e6eb407"}
,"/Users/learnacademy/Desktop/gourmandize/app/javascript/components/pages/ReviewShow.js": {"path":"/Users/learnacademy/Desktop/gourmandize/app/javascript/components/pages/ReviewShow.js","statementMap":{"0":{"start":{"line":3,"column":19},"end":{"line":9,"column":3}},"1":{"start":{"line":4,"column":4},"end":{"line":8,"column":5}}},"fnMap":{"0":{"name":"(anonymous_0)","decl":{"start":{"line":3,"column":19},"end":{"line":3,"column":20}},"loc":{"start":{"line":3,"column":25},"end":{"line":9,"column":3}},"line":3}},"branchMap":{},"s":{"0":1,"1":1},"f":{"0":1},"b":{},"_coverageSchema":"1a1c01bbd47fc00a2c39e90264f33305004495a9","hash":"9d78a8d2f26cb387aec21f73b7db04bc5548f8c6"}
}
